# JRE version: OpenJDK Runtime Environment (8.0_242-b01) (build 1.8.0_242-release-1644-b01)
# Java VM: OpenJDK 64-Bit Server VM (25.242-b01 mixed mode windows-amd64 compressed oops)
Heap:
 PSYoungGen      total 154624K, used 137861K [0x00000000d5580000, 0x00000000e0f00000, 0x0000000100000000)
  eden space 146944K, 88% used [0x00000000d5580000,0x00000000dd4f7ac0,0x00000000de500000)
  from space 7680K, 95% used [0x00000000e0780000,0x00000000e0ea9c90,0x00000000e0f00000)
  to   space 11264K, 0% used [0x00000000df900000,0x00000000df900000,0x00000000e0400000)
 ParOldGen       total 151552K, used 14641K [0x0000000080000000, 0x0000000089400000, 0x00000000d5580000)
  object space 151552K, 9% used [0x0000000080000000,0x0000000080e4c600,0x0000000089400000)
 Metaspace       used 50724K, capacity 52794K, committed 53160K, reserved 1095680K
  class space    used 6797K, capacity 7255K, committed 7344K, reserved 1048576K
GC Heap History (10 events):
Event: 3.788 GC heap before
{Heap before GC invocations=6 (full 1):
 PSYoungGen      total 75776K, used 65024K [0x00000000d5580000, 0x00000000de980000, 0x0000000100000000)
  eden space 65024K, 100% used [0x00000000d5580000,0x00000000d9500000,0x00000000d9500000)
  from space 10752K, 0% used [0x00000000d9f80000,0x00000000d9f80000,0x00000000daa00000)
  to   space 10752K, 0% used [0x00000000d9500000,0x00000000d9500000,0x00000000d9f80000)
 ParOldGen       total 96768K, used 7300K [0x0000000080000000, 0x0000000085e80000, 0x00000000d5580000)
  object space 96768K, 7% used [0x0000000080000000,0x0000000080721368,0x0000000085e80000)
 Metaspace       used 28592K, capacity 29444K, committed 29616K, reserved 1075200K
  class space    used 3964K, capacity 4188K, committed 4272K, reserved 1048576K
Event: 3.792 GC heap after
Heap after GC invocations=6 (full 1):
 PSYoungGen      total 75776K, used 8247K [0x00000000d5580000, 0x00000000dd280000, 0x0000000100000000)
  eden space 65024K, 0% used [0x00000000d5580000,0x00000000d5580000,0x00000000d9500000)
  from space 10752K, 76% used [0x00000000d9500000,0x00000000d9d0dff8,0x00000000d9f80000)
  to   space 11776K, 0% used [0x00000000dc700000,0x00000000dc700000,0x00000000dd280000)
 ParOldGen       total 96768K, used 7308K [0x0000000080000000, 0x0000000085e80000, 0x00000000d5580000)
  object space 96768K, 7% used [0x0000000080000000,0x0000000080723368,0x0000000085e80000)
 Metaspace       used 28592K, capacity 29444K, committed 29616K, reserved 1075200K
  class space    used 3964K, capacity 4188K, committed 4272K, reserved 1048576K
}
Event: 4.213 GC heap before
{Heap before GC invocations=7 (full 1):
 PSYoungGen      total 75776K, used 73271K [0x00000000d5580000, 0x00000000dd280000, 0x0000000100000000)
  eden space 65024K, 100% used [0x00000000d5580000,0x00000000d9500000,0x00000000d9500000)
  from space 10752K, 76% used [0x00000000d9500000,0x00000000d9d0dff8,0x00000000d9f80000)
  to   space 11776K, 0% used [0x00000000dc700000,0x00000000dc700000,0x00000000dd280000)
 ParOldGen       total 96768K, used 7308K [0x0000000080000000, 0x0000000085e80000, 0x00000000d5580000)
  object space 96768K, 7% used [0x0000000080000000,0x0000000080723368,0x0000000085e80000)
 Metaspace       used 32743K, capacity 33738K, committed 33968K, reserved 1079296K
  class space    used 4480K, capacity 4751K, committed 4784K, reserved 1048576K
Event: 4.218 GC heap after
Heap after GC invocations=7 (full 1):
 PSYoungGen      total 115200K, used 9223K [0x00000000d5580000, 0x00000000dd200000, 0x0000000100000000)
  eden space 103936K, 0% used [0x00000000d5580000,0x00000000d5580000,0x00000000dbb00000)
  from space 11264K, 81% used [0x00000000dc700000,0x00000000dd001c48,0x00000000dd200000)
  to   space 11776K, 0% used [0x00000000dbb00000,0x00000000dbb00000,0x00000000dc680000)
 ParOldGen       total 96768K, used 7316K [0x0000000080000000, 0x0000000085e80000, 0x00000000d5580000)
  object space 96768K, 7% used [0x0000000080000000,0x0000000080725368,0x0000000085e80000)
 Metaspace       used 32743K, capacity 33738K, committed 33968K, reserved 1079296K
  class space    used 4480K, capacity 4751K, committed 4784K, reserved 1048576K
}
Event: 4.404 GC heap before
{Heap before GC invocations=8 (full 1):
 PSYoungGen      total 115200K, used 42515K [0x00000000d5580000, 0x00000000dd200000, 0x0000000100000000)
  eden space 103936K, 32% used [0x00000000d5580000,0x00000000d7603010,0x00000000dbb00000)
  from space 11264K, 81% used [0x00000000dc700000,0x00000000dd001c48,0x00000000dd200000)
  to   space 11776K, 0% used [0x00000000dbb00000,0x00000000dbb00000,0x00000000dc680000)
 ParOldGen       total 96768K, used 7316K [0x0000000080000000, 0x0000000085e80000, 0x00000000d5580000)
  object space 96768K, 7% used [0x0000000080000000,0x0000000080725368,0x0000000085e80000)
 Metaspace       used 34337K, capacity 35420K, committed 35496K, reserved 1079296K
  class space    used 4731K, capacity 5003K, committed 5040K, reserved 1048576K
Event: 4.409 GC heap after
Heap after GC invocations=8 (full 1):
 PSYoungGen      total 115712K, used 8268K [0x00000000d5580000, 0x00000000e1280000, 0x0000000100000000)
  eden space 103936K, 0% used [0x00000000d5580000,0x00000000d5580000,0x00000000dbb00000)
  from space 11776K, 70% used [0x00000000dbb00000,0x00000000dc313058,0x00000000dc680000)
  to   space 11264K, 0% used [0x00000000e0780000,0x00000000e0780000,0x00000000e1280000)
 ParOldGen       total 96768K, used 7324K [0x0000000080000000, 0x0000000085e80000, 0x00000000d5580000)
  object space 96768K, 7% used [0x0000000080000000,0x0000000080727368,0x0000000085e80000)
 Metaspace       used 34337K, capacity 35420K, committed 35496K, reserved 1079296K
  class space    used 4731K, capacity 5003K, committed 5040K, reserved 1048576K
}
Event: 4.409 GC heap before
{Heap before GC invocations=9 (full 2):
 PSYoungGen      total 115712K, used 8268K [0x00000000d5580000, 0x00000000e1280000, 0x0000000100000000)
  eden space 103936K, 0% used [0x00000000d5580000,0x00000000d5580000,0x00000000dbb00000)
  from space 11776K, 70% used [0x00000000dbb00000,0x00000000dc313058,0x00000000dc680000)
  to   space 11264K, 0% used [0x00000000e0780000,0x00000000e0780000,0x00000000e1280000)
 ParOldGen       total 96768K, used 7324K [0x0000000080000000, 0x0000000085e80000, 0x00000000d5580000)
  object space 96768K, 7% used [0x0000000080000000,0x0000000080727368,0x0000000085e80000)
 Metaspace       used 34337K, capacity 35420K, committed 35496K, reserved 1079296K
  class space    used 4731K, capacity 5003K, committed 5040K, reserved 1048576K
Event: 4.467 GC heap after
Heap after GC invocations=9 (full 2):
 PSYoungGen      total 115712K, used 0K [0x00000000d5580000, 0x00000000e1280000, 0x0000000100000000)
  eden space 103936K, 0% used [0x00000000d5580000,0x00000000d5580000,0x00000000dbb00000)
  from space 11776K, 0% used [0x00000000dbb00000,0x00000000dbb00000,0x00000000dc680000)
  to   space 11264K, 0% used [0x00000000e0780000,0x00000000e0780000,0x00000000e1280000)
 ParOldGen       total 151552K, used 14633K [0x0000000080000000, 0x0000000089400000, 0x00000000d5580000)
  object space 151552K, 9% used [0x0000000080000000,0x0000000080e4a600,0x0000000089400000)
 Metaspace       used 34337K, capacity 35420K, committed 35496K, reserved 1079296K
  class space    used 4731K, capacity 5003K, committed 5040K, reserved 1048576K
}
Event: 6.085 GC heap before
{Heap before GC invocations=10 (full 2):
 PSYoungGen      total 115712K, used 103936K [0x00000000d5580000, 0x00000000e1280000, 0x0000000100000000)
  eden space 103936K, 100% used [0x00000000d5580000,0x00000000dbb00000,0x00000000dbb00000)
  from space 11776K, 0% used [0x00000000dbb00000,0x00000000dbb00000,0x00000000dc680000)
  to   space 11264K, 0% used [0x00000000e0780000,0x00000000e0780000,0x00000000e1280000)
 ParOldGen       total 151552K, used 14633K [0x0000000080000000, 0x0000000089400000, 0x00000000d5580000)
  object space 151552K, 9% used [0x0000000080000000,0x0000000080e4a600,0x0000000089400000)
 Metaspace       used 37743K, capacity 39466K, committed 39720K, reserved 1083392K
  class space    used 5227K, capacity 5593K, committed 5680K, reserved 1048576K
Event: 6.091 GC heap after
Heap after GC invocations=10 (full 2):
 PSYoungGen      total 154624K, used 7335K [0x00000000d5580000, 0x00000000e0f00000, 0x0000000100000000)
  eden space 146944K, 0% used [0x00000000d5580000,0x00000000d5580000,0x00000000de500000)
  from space 7680K, 95% used [0x00000000e0780000,0x00000000e0ea9c90,0x00000000e0f00000)
  to   space 11264K, 0% used [0x00000000df900000,0x00000000df900000,0x00000000e0400000)
 ParOldGen       total 151552K, used 14641K [0x0000000080000000, 0x0000000089400000, 0x00000000d5580000)
  object space 151552K, 9% used [0x0000000080000000,0x0000000080e4c600,0x0000000089400000)
 Metaspace       used 37743K, capacity 39466K, committed 39720K, reserved 1083392K
  class space    used 5227K, capacity 5593K, committed 5680K, reserved 1048576K
}

